<?xml version="1.0" encoding="UTF-8"?>
<!-- Generated by org.testng.reporters.JUnitXMLReporter -->
<testsuite ignored="0" hostname="Narendra_Kaku" failures="0" tests="1" name="Default test" time="1.227" errors="0" timestamp="2023-05-05T10:38:55 IST">
  <testcase classname="com.automationexercise.base.BaseClass" name="@BeforeClass setupLaunchbrowser" time="1.178">
    <failure type="java.lang.NullPointerException" message="Cannot invoke &amp;quot;java.util.Properties.getProperty(String)&amp;quot; because &amp;quot;com.automationexercise.Uilities.ReadConfig.prop&amp;quot; is null">
      <![CDATA[java.lang.NullPointerException: Cannot invoke "java.util.Properties.getProperty(String)" because "com.automationexercise.Uilities.ReadConfig.prop" is null
at com.automationexercise.Uilities.ReadConfig.getBrowser(ReadConfig.java:45)
at com.automationexercise.base.BaseClass.setupLaunchbrowser(BaseClass.java:34)
at java.base/jdk.internal.reflect.NativeMethodAccessorImpl.invoke0(Native Method)
at java.base/jdk.internal.reflect.NativeMethodAccessorImpl.invoke(NativeMethodAccessorImpl.java:77)
at java.base/jdk.internal.reflect.DelegatingMethodAccessorImpl.invoke(DelegatingMethodAccessorImpl.java:43)
at java.base/java.lang.reflect.Method.invoke(Method.java:568)
at org.testng.internal.MethodInvocationHelper.invokeMethod(MethodInvocationHelper.java:133)
at org.testng.internal.MethodInvocationHelper.invokeMethodConsideringTimeout(MethodInvocationHelper.java:62)
at org.testng.internal.ConfigInvoker.invokeConfigurationMethod(ConfigInvoker.java:385)
at org.testng.internal.ConfigInvoker.invokeConfigurations(ConfigInvoker.java:321)
at org.testng.internal.TestMethodWorker.invokeBeforeClassMethods(TestMethodWorker.java:176)
at org.testng.internal.TestMethodWorker.run(TestMethodWorker.java:122)
at java.base/java.util.ArrayList.forEach(ArrayList.java:1511)
at org.testng.TestRunner.privateRun(TestRunner.java:794)
at org.testng.TestRunner.run(TestRunner.java:596)
at org.testng.SuiteRunner.runTest(SuiteRunner.java:377)
at org.testng.SuiteRunner.runSequentially(SuiteRunner.java:371)
at org.testng.SuiteRunner.privateRun(SuiteRunner.java:332)
at org.testng.SuiteRunner.run(SuiteRunner.java:276)
at org.testng.SuiteRunnerWorker.runSuite(SuiteRunnerWorker.java:53)
at org.testng.SuiteRunnerWorker.run(SuiteRunnerWorker.java:96)
at org.testng.TestNG.runSuitesSequentially(TestNG.java:1212)
at org.testng.TestNG.runSuitesLocally(TestNG.java:1134)
at org.testng.TestNG.runSuites(TestNG.java:1063)
at org.testng.TestNG.run(TestNG.java:1031)
at org.testng.remote.AbstractRemoteTestNG.run(AbstractRemoteTestNG.java:115)
at org.testng.remote.RemoteTestNG.initAndRun(RemoteTestNG.java:251)
at org.testng.remote.RemoteTestNG.main(RemoteTestNG.java:77)
]]>
    </failure>
  </testcase> <!-- @BeforeClass setupLaunchbrowser -->
  <testcase classname="com.automationexercise.base.BaseClass" name="@BeforeMethod openWebsite" time="-1.683263335465E9">
    <skipped/>
  </testcase> <!-- @BeforeMethod openWebsite -->
  <testcase classname="com.automationexercise.Testcases.HomePageTest" name="@BeforeMethod Lanchbrowser" time="-1.683263335466E9">
    <skipped/>
  </testcase> <!-- @BeforeMethod Lanchbrowser -->
  <testcase classname="com.automationexercise.Testcases.HomePageTest" name="@AfterMethod Teardown" time="-1.683263335473E9">
    <skipped/>
  </testcase> <!-- @AfterMethod Teardown -->
  <testcase classname="com.automationexercise.base.BaseClass" name="@AfterClass teardown" time="-1.683263335477E9">
    <skipped/>
  </testcase> <!-- @AfterClass teardown -->
  <testcase classname="com.automationexercise.Testcases.HomePageTest" name="verifyhomopage" time="0.0">
    <skipped/>
  </testcase> <!-- verifyhomopage -->
</testsuite> <!-- Default test -->
